Unity Player [version: Unity 5.5.0f3_38b4efef76f0]

d3d11.dll caused an Access Violation (0xc0000005)
  in module d3d11.dll at 0023:7147c9e6.

Error occurred at 2017-03-05_164442.
C:\Projekty\Unity\TKGameJam2017\Cooked\Cooked.exe, run by Bentoo.
37% memory in use.
0 MB physical memory [0 MB free].
0 MB paging file [0 MB free].
0 MB user address space [3744 MB free].
Read from location 00000035 caused an access violation.

Context:
EDI:    0x01919420  ESI: 0x0899e988  EAX:   0x3c60a9ff
EBX:    0x00000000  ECX: 0x060d7924  EDX:   0x00000000
EIP:    0x7147c9e6  EBP: 0x0899e958  SegCs: 0x00000023
EFlags: 0x00010213  ESP: 0x0899e8e4  SegSs: 0x0000002b

Bytes at CS:EIP:
0f be 43 35 8b 04 85 a8 88 3b 71 89 45 bc 3d 90 

Stack:
0x0899e8e4: 00000000 060d7924 00000001 053a1dc0 ....$y........:.
0x0899e8f4: 00000041 00000100 0899e90c 00242ea2 A.............$.
0x0899e904: 053a1dc0 00000001 0899e9a0 0092d60f ..:.............
0x0899e914: 053a1dc0 01919420 00010000 032370ff ..:. ........p#.
0x0899e924: 05fb9cc0 060d7924 0899e94c 0899e988 ....$y..L.......
0x0899e934: 0899e944 ffffffff 00010000 03877120 D........... q..
0x0899e944: 00000043 ffffffff 0899e978 3c60a925 C.......x...%.`<
0x0899e954: 0899e95c 0899e9ac 0092c94b 01919458 \.......K...X...
0x0899e964: 00000000 00000000 0899e988 060d7924 ............$y..
0x0899e974: 00000100 00000000 00010000 05fb9cc0 ................
0x0899e984: 03877120 00000000 00000000 00000000  q..............
0x0899e994: 00000100 00000100 00000001 00000000 ................
0x0899e9a4: 01919458 012de2d4 0899e9d8 0091cc32 X.....-.....2...
0x0899e9b4: 0000004c 060d7924 00000000 060d7924 L...$y......$y..
0x0899e9c4: 00000000 00000100 00000100 00000100 ................
0x0899e9d4: 00000000 0899f890 00940b9f 0000004c ............L...
0x0899e9e4: 060d7924 00010000 00000000 00000000 $y..............
0x0899e9f4: 00000000 00000100 00000100 00000001 ................
0x0899ea04: 00000000 0000000f 03877120 0325f501 ........ q....%.
0x0899ea14: 00000000 00000000 00000000 00000000 ................
0x0899ea24: 00000000 00000000 00000000 00000000 ................
0x0899ea34: 00000000 00000000 00000000 00000000 ................
0x0899ea44: 00000000 00000000 00000000 00000000 ................
0x0899ea54: 00000000 00000000 00000000 00000000 ................
0x0899ea64: 00000000 00000000 00000000 00000000 ................
0x0899ea74: 00000000 00000000 00000000 00000000 ................
0x0899ea84: 00000000 00000000 00000000 00000000 ................
0x0899ea94: 00000000 00000000 00000000 00000000 ................
0x0899eaa4: 00000000 00000000 00000000 00000000 ................
0x0899eab4: 00000000 00000000 00000000 00000000 ................
0x0899eac4: 00000000 00000000 00000000 00000000 ................
0x0899ead4: 00000000 00000000 00000000 00000000 ................
0x0899eae4: 00000000 00000000 00000000 00000000 ................
0x0899eaf4: 00000000 00000000 00000000 00000000 ................
0x0899eb04: 00000000 00000000 00000000 00000000 ................
0x0899eb14: 00000000 00000000 00000000 00000000 ................
0x0899eb24: 00000000 00000000 00000000 00000000 ................
0x0899eb34: 00000000 00000000 00000000 00000000 ................
0x0899eb44: 00000000 00000000 00000000 00000000 ................
0x0899eb54: 00000000 00000000 00000000 00000000 ................
0x0899eb64: 00000000 00000000 00000000 00000000 ................
0x0899eb74: 00000000 00000000 00000000 00000000 ................
0x0899eb84: 00000000 00000000 00000000 00000000 ................
0x0899eb94: 00000000 00000000 00000000 00000000 ................
0x0899eba4: 00000000 00000000 00000000 00000000 ................
0x0899ebb4: 00000000 00000000 00000000 00000000 ................
0x0899ebc4: 00000000 00000000 00000000 00000000 ................
0x0899ebd4: 00000000 00000000 00000000 00000000 ................
0x0899ebe4: 00000000 00000000 00000000 00000000 ................
0x0899ebf4: 00000000 00000000 00000000 00000000 ................
0x0899ec04: 00000000 00000000 00000000 00000000 ................
0x0899ec14: 00000000 00000000 00000000 00000000 ................
0x0899ec24: 00000000 00000000 00000000 00000000 ................
0x0899ec34: 00000000 00000000 00000000 00000000 ................
0x0899ec44: 00000000 00000000 00000000 00000000 ................
0x0899ec54: 00000000 00000000 00000000 00000000 ................
0x0899ec64: 00000000 00000000 00000000 00000000 ................
0x0899ec74: 00000000 00000000 00000000 00000000 ................
0x0899ec84: 00000000 00000000 00000000 00000000 ................
0x0899ec94: 00000000 00000000 00000000 00000000 ................
0x0899eca4: 00000000 00000000 00000000 00000000 ................
0x0899ecb4: 00000000 00000000 00000000 00000000 ................
0x0899ecc4: 00000000 00000000 00000000 00000000 ................
0x0899ecd4: 00000000 00000000 00000000 00000000 ................
0x0899ece4: 00000000 00000000 00000000 00000000 ................
0x0899ecf4: 00000000 00000000 00000000 00000000 ................
0x0899ed04: 00000000 00000000 00000000 00000000 ................
0x0899ed14: 00000000 00000000 00000000 00000000 ................
0x0899ed24: 00000000 00000000 00000000 00000000 ................
0x0899ed34: 00000000 00000000 00000000 00000000 ................
0x0899ed44: 00000000 00000000 00000000 00000000 ................
0x0899ed54: 00000000 00000000 00000000 00000000 ................
0x0899ed64: 00000000 00000000 00000000 00000000 ................
0x0899ed74: 00000000 00000000 00000000 00000000 ................
0x0899ed84: 00000000 00000000 00000000 00000000 ................
0x0899ed94: 00000000 00000000 00000000 00000000 ................
0x0899eda4: 00000000 00000000 00000000 00000000 ................
0x0899edb4: 00000000 00000000 00000000 00000000 ................
0x0899edc4: 00000000 00000000 00000000 00000000 ................
0x0899edd4: 00000000 00000000 00000000 00000000 ................
0x0899ede4: 00000000 00000000 00000000 00000000 ................
0x0899edf4: 00000000 00000000 00000000 00000000 ................
0x0899ee04: 00000000 775dfe71 0899eed0 0899f25c ....q.]w....\...
0x0899ee14: 0899ef20 0899ee7c 0899f25c 775dfebf  ...|...\.....]w
0x0899ee24: 0899f25c 0899f1f8 775dfe43 0899eed0 \.......C.]w....
0x0899ee34: 0899f25c 0899ef20 0899ee7c 775dfe8f \... ...|.....]w
0x0899ee44: 0899f894 0899eed0 0899f25c 7760d36d ........\...m.`w
0x0899ee54: 0899eed0 775dc66c 7760d390 0899ef20 ....l.]w..`w ...
0x0899ee64: 00000000 01226638 00000000 0899f894 ....8f".........
0x0899ee74: 0899e000 089a0000 00000000 00000000 ................
0x0899ee84: 00000000 00000000 00000000 00000000 ................
0x0899ee94: 00000000 00000000 00000000 00000000 ................
0x0899eea4: 00000000 00000000 00000000 00000000 ................
0x0899eeb4: 00000000 00000000 00000000 00000000 ................
0x0899eec4: 00000000 00000000 00000000 c0000027 ............'...
0x0899eed4: 00000002 00000000 009c3fa8 00000000 .........?......
0x0899eee4: 0899efcc 015f0b40 015f0b6c 00000001 ....@._.l._.....
0x0899eef4: 0899ef68 0899ef1c 775e7f75 0899ef5c h.......u.^w\...
0x0899ef04: 015e00fc 00000009 015e0000 00000000 ..^.......^.....
0x0899ef14: 00000000 775e85ec 0899f008 00010007 ......^w........
0x0899ef24: 015e174c 015e00ec 00000001 00000010 L.^...^.........
0x0899ef34: 775e7ee0 000007a0 0000000a 0899efcc .~^w............
0x0899ef44: 0899f05c 0101ef98 536cd652 0000017c \.......R.lS|...
0x0899ef54: 00000002 000000ec 00000002 00000000 ................
0x0899ef64: 3a73a978 0899efdc 775e83b2 0899f05c x.s:......^w\...
0x0899ef74: 0899f008 0899efd0 0899efcc 0899efa4 ................
0x0899ef84: 0899ef98 0899f134 0899f0c0 775e845f ....4......._.^w
0x0899ef94: 00000000 000007a0 00000000 00000000 ................
0x0899efa4: 015e174c 00000000 0000002b 00000053 L.^.....+...S...
0x0899efb4: 0000002b 0000002b 00000000 00000000 +...+...........
0x0899efc4: 00000000 00000000 00000000 00000000 ................
0x0899efd4: 0899f220 009c3fa8 08990023 00000202  ....?..#.......
0x0899efe4: 0899f210 0000002b 00000002 0899f05c ....+.......\...
0x0899eff4: 0899f008 0899f2c0 00000000 775e8bb5 ..............^w
0x0899f004: 00000000 00000040 00000000 00000000 ....@...........
0x0899f014: 0323b620 00000000 00000000 00000000  .#.............
0x0899f024: 00000000 00000000 00000000 00000000 ................
0x0899f034: 03237250 00000001 00000000 ffffffff Pr#.............
0x0899f044: 00000000 00000000 00000000 00000000 ................
0x0899f054: 00000000 00000000 00000000 00000000 ................
0x0899f064: 03884f8c 03884fb8 00000000 00000000 .O...O..........
0x0899f074: 00000000 00000000 032b7090 032b7050 .........p+.Pp+.
0x0899f084: 00000000 00000000 00000000 00000000 ................
0x0899f094: 038988f0 03898730 00000000 00000000 ....0...........
0x0899f0a4: 00000000 775e8651 3a73b6c8 00000000 ....Q.^w..s:....
0x0899f0b4: 00000000 00000000 018e4f38 0899f0ac ........8O......
0x0899f0c4: 00000000 0899f3e8 77637380 45b4c048 .........scwH..E
0x0899f0d4: fffffffe 775e8651 775ffdb8 00002756 ....Q.^w.._wV'..
0x0899f0e4: 00000001 00000002 0000fffe 7761e7e8 ..............aw
0x0899f0f4: 01000010 018e4e90 0899f180 00000000 .....N..........
0x0899f104: 018e4f38 00000000 00000000 00000000 8O..............
0x0899f114: 775e1371 3a73b478 00004008 00000030 q.^wx.s:.@..0...
0x0899f124: 00000024 000060ac 0000008c 000060b4 $....`.......`..
0x0899f134: 00006080 00000000 00000000 00010824 .`..........$...
0x0899f144: 00000030 00000064 0490caa8 0001081c 0...d...........
0x0899f154: 00000000 01730000 01730000 0492c528 ......s...s.(...
0x0899f164: 00004370 0001089c 000060c0 0173096c pC.......`..l.s.
0x0899f174: 017301d0 00000020 00000000 01730968 ..s. .......h.s.
0x0899f184: 00005ff0 0899f210 775e0ea9 0001086c ._........^wl...
0x0899f194: 00005cd4 000008cc 00000000 00230000 .\............#.
0x0899f1a4: 000031c0 01226638 000000a4 009ce028 .1..8f".....(...
0x0899f1b4: 00006148 00000000 01226000 0899f220 Ha.......`". ...
0x0899f1c4: 009ce1c0 00230000 0078c668 3bd33d64 ......#.h.x.d=.;
0x0899f1d4: 01226638 00000000 0899f894 00005114 8f"..........Q..
0x0899f1e4: 00000000 0000512c 0899f1fc 0000510c ....,Q.......Q..
0x0899f1f4: 3a73a864 00006868 3bd33d44 00006870 d.s:hh..D=.;ph..
0x0899f204: 009c3fb0 00006860 0899f894 004563df .?..`h.......cE.
0x0899f214: 00000001 0899f8a4 00000000 0899f894 ................
0x0899f224: 000108e4 000108ac 0899f244 000108bc ........D.......
0x0899f234: 00000000 000108a4 0899f34c 0899f39c ........L.......
0x0899f244: 0899f268 775dfe71 0899f34c 0899f894 h...q.]wL.......
0x0899f254: 0899f39c 0899f2d4 0899f894 775dfe8f ..............]w
0x0899f264: 0899f894 0899f334 775dfe43 0899f34c ....4...C.]wL...
0x0899f274: 00005ff8 0899f39c 0899f2d4 009bc668 ._..........h...
0x0899f284: 00006010 000062f8 00006090 000062fc .`...b...`...b..
0x0899f294: 0899f34c 000062f4 0899f39c 000062f0 L....b.......b..
0x0899f2a4: 000052a8 00455800 0001053c 0899f34c .R...XE.<...L...
0x0899f2b4: 00004d68 008e4e90 00000084 0000000d hM...N..........
0x0899f2c4: 0000009c 0899e000 00000098 00000000 ................
0x0899f2d4: 0000618c 00000000 00006104 0196979c .a.......a......
0x0899f2e4: 775e3d42 0196979c 00000000 00000002 B=^w............
0x0899f2f4: 014702b4 01470000 00005f4c 0000007a ..G...G.L_..z...
0x0899f304: 161e2023 00000014 00010898 01470000 # ............G.
0x0899f314: 01470ca8 01470cf8 00000008 00000010 ..G...G.........
0x0899f324: 00000080 0899f3a8 3a73b4a4 7760037f ..........s:..`w
0x0899f334: 0899f858 775e05bf 0899f34c 0000609c X.....^wL....`..
0x0899f344: 0899f34c 000060a0 406d1388 00000000 L....`....m@....
0x0899f354: 00000000 75e14878 00006874 00001000 ....xH.uth......
0x0899f364: 011461d0 00002604 00000000 009b7ce2 .a...&.......|..
0x0899f374: 016d0000 00000000 00040013 00000000 ..m.............
0x0899f384: 0000000f 00000013 0899f858 009b93e4 ........X.......
0x0899f394: 00004808 0325f500 0001007f 00000000 .H....%.........
0x0899f3a4: 00000000 00000000 00000000 00000000 ................
0x0899f3b4: 00000754 0000027f 000007dc 00006840 T...........@h..
0x0899f3c4: 000006e4 00006858 0899f814 0000002b ....Xh......+...
0x0899f3d4: 00000000 00000000 00000000 000067fc .............g..
0x0899f3e4: 00000000 00006800 00000000 00006838 .....h......8h..
0x0899f3f4: 00000000 0000683c 00000000 00000000 ....<h..........
0x0899f404: 00000000 00000000 00000000 00000000 ................
0x0899f414: 00000000 00000000 c8db8400 3bf68f40 ............@..;
0x0899f424: 00000000 0000002b 00000053 0000002b ....+...S...+...
0x0899f434: 0000002b 00455800 0325f5b0 0325f5b0 +....XE...%...%.
0x0899f444: 00000000 00000004 0899f800 0899f858 ............X...
0x0899f454: 75e14878 00000023 00005ffc 0899f800 xH.u#...._......
0x0899f464: 0000002b 0002027f 000060b8 00455120 +........`.. QE.
0x0899f474: 00006000 0899f814 0000002b 00001f80 .`......+.......
0x0899f484: 00006084 00000000 00000000 00000000 .`..............
0x0899f494: 000108bc 00000000 00000000 00000000 ................
0x0899f4a4: 00005cf0 00000000 00000000 00000000 .\..............
0x0899f4b4: 00000000 00000000 000052ac 00000000 .........R......
0x0899f4c4: 00000000 00000000 00010540 00000000 ........@.......
0x0899f4d4: 00004374 00000000 00004d6c 00000000 tC......lM......
0x0899f4e4: 000031c4 00000000 00000088 00000000 .1..............
0x0899f4f4: 00000090 84000000 000000a0 00003bf6 .............;..
0x0899f504: 00000094 00000000 000060bc 00000000 .........`......
0x0899f514: 0000614c 00000000 00006108 00000000 La.......a......
0x0899f524: 000060c4 00000000 00000000 00000000 .`..............
0x0899f534: 00000000 00000000 00000000 00000000 ................
0x0899f544: 00000000 00000000 00000000 00000000 ................
0x0899f554: 00000000 00000000 00000000 00000000 ................
0x0899f564: 00000000 00000000 00005f5c 00000000 ........\_......
0x0899f574: 00000000 00000000 00000000 00000000 ................
0x0899f584: 00010874 00000000 0001002f ffffe000 t......./.......
0x0899f594: 00000001 00000000 c75a5783 ffff0d3b .........WZ.;...
0x0899f5a4: 00010828 0000027f 00000038 0000ffff (.......8.......
0x0899f5b4: 00000068 00000000 00000000 00000000 h...............
0x0899f5c4: 00000000 00000000 00010810 00000000 ................
0x0899f5d4: 00000000 00000000 00000000 00000000 ................
0x0899f5e4: 00000000 00000000 00000000 00000000 ................
0x0899f5f4: 00000000 00000000 00000000 00000000 ................
0x0899f604: 00000000 00000000 00000000 00000000 ................
0x0899f614: 00000000 0000002b 00000053 0000002b ....+...S...+...
0x0899f624: 0000002b 00000000 00006878 0325f5b0 +.......xh....%.
0x0899f634: 000108a0 00000000 00455800 00000000 .........XE.....
0x0899f644: 775e0640 00000023 00000202 0899f938 @.^w#.......8...
0x0899f654: 0000002b 0000027f 00000000 00000000 +...............
0x0899f664: 00000000 fffffd34 00000424 fffffd34 ....4...$...4...
0x0899f674: 000002cc 00000018 00000140 00000000 ........@.......
0x0899f684: 00000000 00000000 00000000 00000000 ................
0x0899f694: 00000000 00000000 00004854 00000000 ........TH......
0x0899f6a4: 00000000 00000000 00000000 00000000 ................
0x0899f6b4: 00000000 00000000 00000000 00000000 ................
0x0899f6c4: 016d00c0 016d00c0 00010844 00000000 ..m...m.D.......
0x0899f6d4: 00000734 016d0000 000108c0 00000000 4.....m.........
0x0899f6e4: 000007bc 00000000 000008ac 00000000 ................
0x0899f6f4: 000006c0 0000002b 00000053 00000000 ....+...S.......
0x0899f704: 0000002b 00000000 00000000 0325f5b0 +.............%.
0x0899f714: 00000000 01000000 000007ff 01000000 ................
0x0899f724: 00000000 00000000 00006074 053a1da0 ........t`....:.
0x0899f734: 00000001 053a1da8 00000002 053a1da0 ......:.......:.
0x0899f744: 053a1da0 00005114 00000068 00006868 ..:..Q..h...hh..
0x0899f754: 016dc858 00000000 00000000 000108ac X.m.............
0x0899f764: 03000201 00000004 016d00c0 000003c4 ..........m.....
0x0899f774: 05390088 00000000 00000000 000062f8 ..9..........b..
0x0899f784: 77637380 000062f4 fffffffe 0899f820 .scw.b...... ...
0x0899f794: 000000a0 00040013 00040020 00000000 ........ .......
0x0899f7a4: 0899f7bc 00000000 0000000f 00040013 ................
0x0899f7b4: 00000000 053a1da8 000060b4 05390088 ......:..`....9.
0x0899f7c4: 00000000 00000000 00040020 00000000 ........ .......
0x0899f7d4: 00000000 00000000 00000000 00000000 ................
0x0899f7e4: 0325f5b0 00455800 0899f858 75e148a4 ..%..XE.X....H.u
0x0899f7f4: 00005ff8 75e14878 0899f800 406d1388 ._..xH.u......m@
0x0899f804: 00000000 00000000 75e14878 00000004 ........xH.u....
0x0899f814: 00001000 011461d0 00002604 00000000 .....a...&......
0x0899f824: 009b7ce2 016d0000 00000000 00040013 .|....m.........
0x0899f834: 00000000 0000000f 00000013 0899f858 ............X...
0x0899f844: 009b93e4 00040013 0325f500 0000004c ..........%.L...
0x0899f854: 0000004c 00010000 00000000 00000000 L...............
0x0899f864: 00000000 00000100 00000100 00000001 ................
0x0899f874: 00000000 0325f5b0 00001000 03fe0101 ......%.........
0x0899f884: 00002604 03877120 000108c0 0899f8b0 .&.. q..........
0x0899f894: 00944fde 05fb9cc0 00455800 03877120 .O.......XE. q..
0x0899f8a4: 0325f5b0 0093de17 0325f5b0 0899f8c8 ..%.......%.....
0x0899f8b4: 0045582f 03877120 0325f5b0 00455800 /XE. q....%..XE.
0x0899f8c4: 00455800 0899f8dc 752f7c04 0325f5b0 .XE......|/u..%.
0x0899f8d4: 752f7be0 3818037f 0899f924 775fab8f .{/u...8$....._w
0x0899f8e4: 0325f5b0 3a73bf34 00000000 00000000 ..%.4.s:........
0x0899f8f4: 0325f5b0 c0000005 75ebf410 ffffed28 ..%........u(...
0x0899f904: 0899e2f4 3a73bf34 0899f8e8 0899e2f4 ....4.s:........
0x0899f914: 0899f92c 77637380 45b5edb0 00000000 ,....scw...E....
0x0899f924: 0899f934 775fab5a ffffffff 775dffe8 4...Z._w......]w
0x0899f934: 00000000 00000000 00455800 0325f5b0 .........XE...%.
0x0899f944: 00000000 00000000 00000000 00000000 ................
0x0899f954: 00000000 00000000 00000000 00000000 ................
0x0899f964: 00000000 00000000 00000000 00000000 ................
0x0899f974: 00000000 00000000 00000000 00000000 ................
0x0899f984: 00000000 00000000 00000000 00000000 ................
0x0899f994: 00000000 00000000 00000000 00000000 ................
0x0899f9a4: 00000000 00000000 00000000 00000000 ................
0x0899f9b4: 00000000 00000000 00000000 00000000 ................
0x0899f9c4: 00000000 00000000 00000000 00000000 ................
0x0899f9d4: 00000000 00000000 00000000 00000000 ................
0x0899f9e4: 00000000 00000000 00000000 00000000 ................
0x0899f9f4: 00000000 00000000 00000000 00000000 ................
0x0899fa04: 00000000 00000000 00000000 00000000 ................
0x0899fa14: 00000000 00000000 00000000 00000000 ................
0x0899fa24: 00000000 00000000 00000000 00000000 ................
0x0899fa34: 00000000 00000000 00000000 00000000 ................
0x0899fa44: 00000000 00000000 00000000 00000000 ................
0x0899fa54: 00000000 00000000 00000000 00000000 ................
0x0899fa64: 00000000 00000000 00000000 00000000 ................
0x0899fa74: 00000000 00000000 00000000 00000000 ................
0x0899fa84: 00000000 00000000 00000000 00000000 ................
0x0899fa94: 00000000 00000000 00000000 00000000 ................
0x0899faa4: 00000000 00000000 00000000 00000000 ................
0x0899fab4: 00000000 00000000 00000000 00000000 ................
0x0899fac4: 00000000 00000000 00000000 00000000 ................
0x0899fad4: 00000000 00000000 00000000 00000000 ................
0x0899fae4: 00000000 00000000 00000000 00000000 ................
0x0899faf4: 00000000 00000000 00000000 00000000 ................
0x0899fb04: 00000000 00000000 00000000 00000000 ................
0x0899fb14: 00000000 00000000 00000000 00000000 ................
0x0899fb24: 00000000 00000000 00000000 00000000 ................
0x0899fb34: 00000000 00000000 00000000 00000000 ................
0x0899fb44: 00000000 00000000 00000000 00000000 ................
0x0899fb54: 00000000 00000000 00000000 00000000 ................
0x0899fb64: 00000000 00000000 00000000 00000000 ................
0x0899fb74: 00000000 00000000 00000000 00000000 ................
0x0899fb84: 00000000 00000000 00000000 00000000 ................
0x0899fb94: 00000000 00000000 00000000 00000000 ................
0x0899fba4: 00000000 00000000 00000000 00000000 ................
0x0899fbb4: 00000000 00000000 00000000 00000000 ................
0x0899fbc4: 00000000 00000000 00000000 00000000 ................
0x0899fbd4: 00000000 00000000 00000000 00000000 ................
0x0899fbe4: 00000000 00000000 00000000 00000000 ................
0x0899fbf4: 00000000 00000000 00000000 00000000 ................
0x0899fc04: 00000000 00000000 00000000 00000000 ................
0x0899fc14: 00000000 00000000 00000000 00000000 ................
0x0899fc24: 00000000 00000000 00000000 00000000 ................
0x0899fc34: 00000000 00000000 00000000 00000000 ................
0x0899fc44: 00000000 00000000 00000000 00000000 ................
0x0899fc54: 00000000 00000000 00000000 00000000 ................
0x0899fc64: 00000000 00000000 00000000 00000000 ................
0x0899fc74: 00000000 00000000 00000000 00000000 ................
0x0899fc84: 00000000 00000000 00000000 00000000 ................
0x0899fc94: 00000000 00000000 00000000 00000000 ................
0x0899fca4: 00000000 00000000 00000000 00000000 ................
0x0899fcb4: 00000000 00000000 00000000 00000000 ................
0x0899fcc4: 00000000 00000000 00000000 00000000 ................
0x0899fcd4: 00000000 00000000 00000000 00000000 ................
0x0899fce4: 00000000 00000000 00000000 00000000 ................
0x0899fcf4: 00000000 00000000 00000000 00000000 ................
0x0899fd04: 00000000 00000000 00000000 00000000 ................
0x0899fd14: 00000000 00000000 00000000 00000000 ................
0x0899fd24: 00000000 00000000 00000000 00000000 ................
0x0899fd34: 00000000 00000000 00000000 00000000 ................
0x0899fd44: 00000000 00000000 00000000 00000000 ................
0x0899fd54: 00000000 00000000 00000000 00000000 ................
0x0899fd64: 00000000 00000000 00000000 00000000 ................
0x0899fd74: 00000000 00000000 00000000 00000000 ................
0x0899fd84: 00000000 00000000 00000000 00000000 ................
0x0899fd94: 00000000 00000000 00000000 00000000 ................
0x0899fda4: 00000000 00000000 00000000 00000000 ................
0x0899fdb4: 00000000 00000000 00000000 00000000 ................
0x0899fdc4: 00000000 00000000 00000000 00000000 ................
0x0899fdd4: 00000000 00000000 00000000 00000000 ................
0x0899fde4: 00000000 00000000 00000000 00000000 ................
0x0899fdf4: 00000000 00000000 00000000 00000000 ................
0x0899fe04: 00000000 00000000 00000000 00000000 ................
0x0899fe14: 00000000 00000000 00000000 00000000 ................
0x0899fe24: 00000000 00000000 00000000 00000000 ................
0x0899fe34: 00000000 00000000 00000000 00000000 ................
0x0899fe44: 00000000 00000000 00000000 00000000 ................
0x0899fe54: 00000000 00000000 00000000 00000000 ................
0x0899fe64: 00000000 00000000 00000000 00000000 ................
0x0899fe74: 00000000 00000000 00000000 00000000 ................
0x0899fe84: 00000000 00000000 00000000 00000000 ................
0x0899fe94: 00000000 00000000 00000000 00000000 ................
0x0899fea4: 00000000 00000000 00000000 00000000 ................
0x0899feb4: 00000000 00000000 00000000 00000000 ................
0x0899fec4: 00000000 00000000 00000000 00000000 ................
0x0899fed4: 00000000 00000000 00000000 00000000 ................
0x0899fee4: 00000000 00000000 00000000 00000000 ................
0x0899fef4: 00000000 00000000 00000000 00000000 ................
0x0899ff04: 00000000 00000000 00000000 00000000 ................
0x0899ff14: 00000000 00000000 00000000 00000000 ................
0x0899ff24: 00000000 00000000 00000000 00000000 ................
0x0899ff34: 00000000 00000000 00000000 00000000 ................
0x0899ff44: 00000000 00000000 00000000 00000000 ................
0x0899ff54: 00000000 00000000 00000000 00000000 ................
0x0899ff64: 00000000 00000000 00000000 00000000 ................
0x0899ff74: 00000000 00000000 00000000 00000000 ................
0x0899ff84: 00000000 00000000 00000000 00000000 ................
0x0899ff94: 00000000 00000000 00000000 00000000 ................
0x0899ffa4: 00000000 00000000 00000000 00000000 ................
0x0899ffb4: 00000000 00000000 00000000 00000000 ................
0x0899ffc4: 00000000 00000000 00000000 00000000 ................
0x0899ffd4: 00000000 00000000 00000000 00000000 ................
0x0899ffe4: 00000000 00000000 00000000 00000000 ................
0x0899fff4: 00000000 00000000 00000000          ............

Module 1
C:\Projekty\Unity\TKGameJam2017\Cooked\Cooked.exe
Image Base: 0x00230000  Image Size: 0x0122e000
File Size:  18200576    File Time:  2017-03-05_163406
Version:
   Company:    
   Product:    
   FileDesc:   
   FileVer:    5.5.0.46319
   ProdVer:    5.5.0.46319

Module 2
C:\Windows\SYSTEM32\xinput1_3.dll
Image Base: 0x00400000  Image Size: 0x00016000
File Size:  81768       File Time:  2007-04-04_175342
Version:
   Company:    Microsoft Corporation
   Product:    Microsoft® DirectX for Windows®
   FileDesc:   Microsoft Common Controller API
   FileVer:    9.18.944.0
   ProdVer:    9.18.944.0

Module 3
C:\Projekty\Unity\TKGameJam2017\Cooked\Cooked_Data\Mono\mono.dll
Image Base: 0x10000000  Image Size: 0x00231000
File Size:  2115008     File Time:  2016-11-24_160056
Version:
   Company:    Unity Technologies
   Product:    libmono
   FileDesc:   Unity Technologies fork of mono runtime
   FileVer:    1.0.0.1
   ProdVer:    1.0.0.1

Module 4
C:\Program Files (x86)\KatMouse\KatMouseS.dll
Image Base: 0x6aeb0000  Image Size: 0x0000e000
File Size:  34816       File Time:  2014-02-01_140928
Version:
   Company:    
   Product:    KatMouse
   FileDesc:   
   FileVer:    1.7.0.0
   ProdVer:    1.7.0.0

Module 5
C:\Windows\SYSTEM32\dbghelp.dll
Image Base: 0x6fd80000  Image Size: 0x00141000
File Size:  1207296     File Time:  2015-04-01_033102
Version:
   Company:    Microsoft Corporation
   Product:    Microsoft® Windows® Operating System
   FileDesc:   Windows Image Helper
   FileVer:    6.3.9600.17787
   ProdVer:    6.3.9600.17787

Module 6
C:\Windows\SYSTEM32\midimap.dll
Image Base: 0x6fed0000  Image Size: 0x00008000
File Size:  18944       File Time:  2014-10-29_025824
Version:
   Company:    Microsoft Corporation
   Product:    Microsoft® Windows® Operating System
   FileDesc:   Microsoft MIDI Mapper
   FileVer:    6.3.9600.17415
   ProdVer:    6.3.9600.17415

Module 7
C:\Windows\SYSTEM32\wdmaud.drv
Image Base: 0x6fee0000  Image Size: 0x00036000
File Size:  197120      File Time:  2014-10-29_015318
Version:
   Company:    Microsoft Corporation
   Product:    System operacyjny Microsoft® Windows®
   FileDesc:   Sterownik systemu audio Winmm
   FileVer:    6.3.9600.17415
   ProdVer:    6.3.9600.17415

Module 8
C:\Windows\SYSTEM32\atidxx32.dll
Image Base: 0x6ff20000  Image Size: 0x008aa000
File Size:  9117200     File Time:  2016-11-24_011514
Version:
   Company:    Advanced Micro Devices, Inc. 
   Product:    Advanced Micro Devices, Inc. Radeon DirectX 11 Driver
   FileDesc:   atidxx32.dll
   FileVer:    21.19.164.257
   ProdVer:    8.17.10.690

Module 9
C:\Windows\SYSTEM32\igd10iumd32.dll
Image Base: 0x707d0000  Image Size: 0x00b38000
File Size:  11783680    File Time:  2016-05-12_163922
Version:
   Company:    Intel Corporation
   Product:    Intel HD Graphics Drivers for Windows 8(R)
   FileDesc:   User Mode Driver for Intel(R) Graphics Technology
   FileVer:    10.18.10.4425
   ProdVer:    10.18.10.4425

Module 10
C:\Windows\SYSTEM32\atiuxpag.dll
Image Base: 0x71310000  Image Size: 0x00025000
File Size:  139720      File Time:  2016-11-24_011644
Version:
   Company:    Advanced Micro Devices, Inc. 
   Product:    Advanced Micro Devices, Inc PowerXpress Vista DX10 User Mode Driver
   FileDesc:   atiuxpag.dll
   FileVer:    21.19.164.257
   ProdVer:    8.14.1.6525

Module 11
C:\Windows\SYSTEM32\dxgi.dll
Image Base: 0x71340000  Image Size: 0x00069000
File Size:  430176      File Time:  2014-10-29_041204
Version:
   Company:    Microsoft Corporation
   Product:    Microsoft® Windows® Operating System
   FileDesc:   DirectX Graphics Infrastructure
   FileVer:    6.3.9600.17415
   ProdVer:    6.3.9600.17415

Module 12
C:\Windows\SYSTEM32\d3d11.dll
Image Base: 0x713b0000  Image Size: 0x001d9000
File Size:  1946176     File Time:  2016-08-12_025806
Version:
   Company:    Microsoft Corporation
   Product:    Microsoft® Windows® Operating System
   FileDesc:   Direct3D 11 Runtime
   FileVer:    6.3.9600.18437
   ProdVer:    6.3.9600.18437

Module 13
C:\Windows\SYSTEM32\GLU32.dll
Image Base: 0x71590000  Image Size: 0x00025000
File Size:  140288      File Time:  2014-10-29_025952
Version:
   Company:    Microsoft Corporation
   Product:    System operacyjny Microsoft® Windows®
   FileDesc:   Biblioteka DLL OpenGL Utility Library
   FileVer:    6.3.9600.17415
   ProdVer:    6.3.9600.17415

Module 14
C:\Windows\system32\wbem\fastprox.dll
Image Base: 0x72670000  Image Size: 0x000c4000
File Size:  786944      File Time:  2014-10-29_015924
Version:
   Company:    Microsoft Corporation
   Product:    Microsoft® Windows® Operating System
   FileDesc:   WMI Custom Marshaller
   FileVer:    6.3.9600.17415
   ProdVer:    6.3.9600.17415

Module 15
C:\Windows\SYSTEM32\MSACM32.dll
Image Base: 0x72740000  Image Size: 0x00017000
File Size:  89816       File Time:  2014-10-29_040702
Version:
   Company:    Microsoft Corporation
   Product:    System operacyjny Microsoft® Windows®
   FileDesc:   Filtr audio ACM Microsoft
   FileVer:    6.3.9600.17415
   ProdVer:    6.3.9600.17415

Module 16
C:\Windows\SYSTEM32\msacm32.drv
Image Base: 0x72780000  Image Size: 0x00009000
File Size:  23040       File Time:  2014-10-29_025432
Version:
   Company:    Microsoft Corporation
   Product:    System operacyjny Microsoft® Windows®
   FileDesc:   Mapowanie dŸwiêku Microsoft
   FileVer:    6.3.9600.17415
   ProdVer:    6.3.9600.17415

Module 17
C:\Windows\SYSTEM32\AVRT.dll
Image Base: 0x72790000  Image Size: 0x0000a000
File Size:  31496       File Time:  2014-10-29_041134
Version:
   Company:    Microsoft Corporation
   Product:    Microsoft® Windows® Operating System
   FileDesc:   Multimedia Realtime Runtime
   FileVer:    6.3.9600.17415
   ProdVer:    6.3.9600.17415

Module 18
C:\Windows\SYSTEM32\igdusc32.dll
Image Base: 0x727c0000  Image Size: 0x0037b000
File Size:  3650832     File Time:  2016-05-12_163924
Version:
   Company:    Intel Corporation
   Product:    Intel HD Graphics Drivers for Windows 8(R)
   FileDesc:   Unified Shader Compiler for Intel(R) Graphics Accelerator
   FileVer:    10.18.10.4425
   ProdVer:    10.18.10.4425

Module 19
C:\Windows\WinSxS\x86_microsoft.windows.common-controls_6595b64144ccf1df_6.0.9600.18006_none_a9ec6aab013aafee\comctl32.dll
Image Base: 0x73540000  Image Size: 0x00206000
File Size:  2105856     File Time:  2015-08-06_182032
Version:
   Company:    Microsoft Corporation
   Product:    System operacyjny Microsoft® Windows®
   FileDesc:   Biblioteka formantów czynnoœci u¿ytkownika
   FileVer:    6.10.9600.18006
   ProdVer:    6.3.9600.18006

Module 20
C:\Windows\system32\dwmapi.dll
Image Base: 0x739a0000  Image Size: 0x0001a000
File Size:  102728      File Time:  2014-10-29_041204
Version:
   Company:    Microsoft Corporation
   Product:    System operacyjny Microsoft® Windows®
   FileDesc:   Interfejs API mened¿era okien Microsoft Desktop Window Manager
   FileVer:    6.3.9600.17415
   ProdVer:    6.3.9600.17415

Module 21
C:\Windows\system32\uxtheme.dll
Image Base: 0x73a50000  Image Size: 0x000ed000
File Size:  949760      File Time:  2014-10-29_014830
Version:
   Company:    Microsoft Corporation
   Product:    System operacyjny Microsoft® Windows®
   FileDesc:   Biblioteka Microsoft UxTheme
   FileVer:    6.3.9600.17415
   ProdVer:    6.3.9600.17415

Module 22
C:\Windows\SYSTEM32\ksuser.dll
Image Base: 0x73bb0000  Image Size: 0x00007000
File Size:  19096       File Time:  2014-10-29_040702
Version:
   Company:    Microsoft Corporation
   Product:    Microsoft® Windows® Operating System
   FileDesc:   User CSA Library
   FileVer:    6.3.9600.17415
   ProdVer:    6.3.9600.17415

Module 23
C:\Windows\SYSTEM32\OPENGL32.dll
Image Base: 0x73bc0000  Image Size: 0x000de000
File Size:  777728      File Time:  2014-10-29_025752
Version:
   Company:    Microsoft Corporation
   Product:    Microsoft® Windows® Operating System
   FileDesc:   OpenGL Client DLL
   FileVer:    6.3.9600.17415
   ProdVer:    6.3.9600.17415

Module 24
C:\Windows\SYSTEM32\HID.DLL
Image Base: 0x73ca0000  Image Size: 0x0000a000
File Size:  26624       File Time:  2014-10-29_020540
Version:
   Company:    Microsoft Corporation
   Product:    System operacyjny Microsoft® Windows®
   FileDesc:   Biblioteka u¿ytkownika HID
   FileVer:    6.3.9600.17415
   ProdVer:    6.3.9600.17415

Module 25
C:\Windows\SYSTEM32\NTASN1.dll
Image Base: 0x73ce0000  Image Size: 0x00029000
File Size:  165728      File Time:  2014-10-29_041538
Version:
   Company:    Microsoft Corporation
   Product:    Microsoft® Windows® Operating System
   FileDesc:   Microsoft ASN.1 API
   FileVer:    6.3.9600.17415
   ProdVer:    6.3.9600.17415

Module 26
C:\Windows\SYSTEM32\ntmarta.dll
Image Base: 0x73d10000  Image Size: 0x00028000
File Size:  154392      File Time:  2014-10-29_041538
Version:
   Company:    Microsoft Corporation
   Product:    System operacyjny Microsoft® Windows®
   FileDesc:   Windows NT - dostawca MARTA
   FileVer:    6.3.9600.17415
   ProdVer:    6.3.9600.17415

Module 27
C:\Windows\SYSTEM32\ncrypt.dll
Image Base: 0x73d70000  Image Size: 0x00020000
File Size:  120384      File Time:  2016-04-06_184930
Version:
   Company:    Microsoft Corporation
   Product:    System operacyjny Microsoft® Windows®
   FileDesc:   Router programu NCrypt w systemie Windows
   FileVer:    6.3.9600.18298
   ProdVer:    6.3.9600.18298

Module 28
C:\Windows\SYSTEM32\aticfx32.dll
Image Base: 0x73f20000  Image Size: 0x0013c000
File Size:  1283008     File Time:  2016-11-24_011454
Version:
   Company:    Advanced Micro Devices, Inc. 
   Product:    AMD Inc. Radeon DirectX 11 Driver
   FileDesc:   aticfx32.dll
   FileVer:    21.19.164.257
   ProdVer:    8.17.10.1484

Module 29
C:\Windows\SYSTEM32\DNSAPI.dll
Image Base: 0x74060000  Image Size: 0x0007e000
File Size:  498688      File Time:  2016-10-08_223142
Version:
   Company:    Microsoft Corporation
   Product:    System operacyjny Microsoft® Windows®
   FileDesc:   Biblioteka DLL interfejsu API klienta us³ugi DNS
   FileVer:    6.3.9600.18512
   ProdVer:    6.3.9600.18512

Module 30
C:\Windows\SYSTEM32\WINNSI.DLL
Image Base: 0x740e0000  Image Size: 0x00008000
File Size:  26304       File Time:  2014-10-29_040516
Version:
   Company:    Microsoft Corporation
   Product:    Microsoft® Windows® Operating System
   FileDesc:   Network Store Information RPC interface
   FileVer:    6.3.9600.17415
   ProdVer:    6.3.9600.17415

Module 31
C:\Windows\SYSTEM32\IPHLPAPI.DLL
Image Base: 0x740f0000  Image Size: 0x00020000
File Size:  121912      File Time:  2016-03-12_014736
Version:
   Company:    Microsoft Corporation
   Product:    Microsoft® Windows® Operating System
   FileDesc:   IP Helper API
   FileVer:    6.3.9600.18264
   ProdVer:    6.3.9600.18264

Module 32
C:\Windows\SYSTEM32\WINHTTP.dll
Image Base: 0x74110000  Image Size: 0x0009e000
File Size:  626176      File Time:  2016-06-11_171622
Version:
   Company:    Microsoft Corporation
   Product:    System operacyjny Microsoft® Windows®
   FileDesc:   Us³ugi Windows HTTP Services
   FileVer:    6.3.9600.18378
   ProdVer:    6.3.9600.18378

Module 33
C:\Windows\SYSTEM32\DCIMAN32.dll
Image Base: 0x74450000  Image Size: 0x00007000
File Size:  11776       File Time:  2014-10-29_030002
Version:
   Company:    Microsoft Corporation
   Product:    Microsoft® Windows® Operating System
   FileDesc:   DCI Manager
   FileVer:    6.3.9600.17415
   ProdVer:    6.3.9600.17415

Module 34
C:\Windows\SYSTEM32\DDRAW.dll
Image Base: 0x74820000  Image Size: 0x000ec000
File Size:  544256      File Time:  2014-10-29_015248
Version:
   Company:    Microsoft Corporation
   Product:    System operacyjny Microsoft® Windows®
   FileDesc:   Microsoft DirectDraw
   FileVer:    6.3.9600.17415
   ProdVer:    6.3.9600.17415

Module 35
C:\Windows\SYSTEM32\MSWSOCK.dll
Image Base: 0x74910000  Image Size: 0x0004b000
File Size:  286208      File Time:  2016-05-13_223518
Version:
   Company:    Microsoft Corporation
   Product:    System operacyjny Microsoft® Windows®
   FileDesc:   Microsoft Windows Sockets 2.0 Dostawca us³ugi
   FileVer:    6.3.9600.18340
   ProdVer:    6.3.9600.18340

Module 36
C:\Windows\SYSTEM32\shcore.dll
Image Base: 0x74960000  Image Size: 0x0008b000
File Size:  560392      File Time:  2015-01-23_060234
Version:
   Company:    Microsoft Corporation
   Product:    System operacyjny Microsoft® Windows®
   FileDesc:   SHCORE
   FileVer:    6.3.9600.17666
   ProdVer:    6.3.9600.17666

Module 37
C:\Windows\SYSTEM32\bcrypt.dll
Image Base: 0x74a40000  Image Size: 0x0001e000
File Size:  111104      File Time:  2016-11-19_182222
Version:
   Company:    Microsoft Corporation
   Product:    System operacyjny Microsoft® Windows®
   FileDesc:   Biblioteka podstawowych elementów kryptograficznych systemu Windows
   FileVer:    6.3.9600.18541
   ProdVer:    6.3.9600.18541

Module 38
C:\Windows\system32\rsaenh.dll
Image Base: 0x74a60000  Image Size: 0x00030000
File Size:  192120      File Time:  2016-01-09_024944
Version:
   Company:    Microsoft Corporation
   Product:    Microsoft® Windows® Operating System
   FileDesc:   Microsoft Enhanced Cryptographic Provider
   FileVer:    6.3.9600.18191
   ProdVer:    6.3.9600.18191

Module 39
C:\Windows\SYSTEM32\CRYPTSP.dll
Image Base: 0x74a90000  Image Size: 0x00019000
File Size:  96032       File Time:  2014-10-29_041532
Version:
   Company:    Microsoft Corporation
   Product:    Microsoft® Windows® Operating System
   FileDesc:   Cryptographic Service Provider API
   FileVer:    6.3.9600.17415
   ProdVer:    6.3.9600.17415

Module 40
C:\Windows\SYSTEM32\wbemcomn.dll
Image Base: 0x74ab0000  Image Size: 0x00066000
File Size:  401408      File Time:  2014-10-29_020026
Version:
   Company:    Microsoft Corporation
   Product:    Microsoft® Windows® Operating System
   FileDesc:   WMI
   FileVer:    6.3.9600.17415
   ProdVer:    6.3.9600.17415

Module 41
C:\Windows\system32\wbem\wbemprox.dll
Image Base: 0x74b20000  Image Size: 0x0000d000
File Size:  36864       File Time:  2014-10-29_015940
Version:
   Company:    Microsoft Corporation
   Product:    Microsoft® Windows® Operating System
   FileDesc:   WMI
   FileVer:    6.3.9600.17415
   ProdVer:    6.3.9600.17415

Module 42
C:\Windows\system32\wbem\wbemsvc.dll
Image Base: 0x74b40000  Image Size: 0x00011000
File Size:  49664       File Time:  2014-10-29_020514
Version:
   Company:    Microsoft Corporation
   Product:    Microsoft® Windows® Operating System
   FileDesc:   WMI
   FileVer:    6.3.9600.17415
   ProdVer:    6.3.9600.17415

Module 43
C:\Windows\SYSTEM32\WINMMBASE.dll
Image Base: 0x74b60000  Image Size: 0x00023000
File Size:  134280      File Time:  2014-10-29_040702
Version:
   Company:    Microsoft Corporation
   Product:    Microsoft® Windows® Operating System
   FileDesc:   Base Multimedia Extension API DLL
   FileVer:    6.3.9600.17415
   ProdVer:    6.3.9600.17415

Module 44
C:\Windows\SYSTEM32\WINMM.dll
Image Base: 0x74b90000  Image Size: 0x00023000
File Size:  136840      File Time:  2014-10-29_040702
Version:
   Company:    Microsoft Corporation
   Product:    System operacyjny Microsoft® Windows®
   FileDesc:   MCI API DLL
   FileVer:    6.3.9600.17415
   ProdVer:    6.3.9600.17415

Module 45
C:\Windows\SYSTEM32\powrprof.dll
Image Base: 0x74bc0000  Image Size: 0x00040000
File Size:  255136      File Time:  2014-10-29_041846
Version:
   Company:    Microsoft Corporation
   Product:    System operacyjny Microsoft® Windows®
   FileDesc:   Pomocnicza biblioteka DLL dla profilu zasilania
   FileVer:    6.3.9600.17415
   ProdVer:    6.3.9600.17415

Module 46
C:\Windows\SYSTEM32\AUDIOSES.DLL
Image Base: 0x74c00000  Image Size: 0x00060000
File Size:  370424      File Time:  2014-10-29_040710
Version:
   Company:    Microsoft Corporation
   Product:    System operacyjny Microsoft® Windows®
   FileDesc:   Sesja audio
   FileVer:    6.3.9600.17415
   ProdVer:    6.3.9600.17415

Module 47
C:\Windows\SYSTEM32\DEVOBJ.dll
Image Base: 0x74c60000  Image Size: 0x00021000
File Size:  127552      File Time:  2014-10-29_041842
Version:
   Company:    Microsoft Corporation
   Product:    Microsoft® Windows® Operating System
   FileDesc:   Device Information Set DLL
   FileVer:    6.3.9600.17415
   ProdVer:    6.3.9600.17415

Module 48
C:\Windows\System32\MMDevApi.dll
Image Base: 0x74c90000  Image Size: 0x00053000
File Size:  331048      File Time:  2014-10-29_040702
Version:
   Company:    Microsoft Corporation
   Product:    System operacyjny Microsoft® Windows®
   FileDesc:   Interfejs API MMDevice
   FileVer:    6.3.9600.17415
   ProdVer:    6.3.9600.17415

Module 49
C:\Windows\SYSTEM32\kernel.appcore.dll
Image Base: 0x74cf0000  Image Size: 0x00009000
File Size:  29920       File Time:  2014-10-29_041848
Version:
   Company:    Microsoft Corporation
   Product:    Microsoft® Windows® Operating System
   FileDesc:   AppModel API Host
   FileVer:    6.3.9600.17415
   ProdVer:    6.3.9600.17415

Module 50
C:\Windows\SYSTEM32\VERSION.dll
Image Base: 0x74d00000  Image Size: 0x00008000
File Size:  26304       File Time:  2014-10-29_041056
Version:
   Company:    Microsoft Corporation
   Product:    Microsoft® Windows® Operating System
   FileDesc:   Version Checking and File Installation Libraries
   FileVer:    6.3.9600.17415
   ProdVer:    6.3.9600.17415

Module 51
C:\Windows\SYSTEM32\bcryptPrimitives.dll
Image Base: 0x74d20000  Image Size: 0x00054000
File Size:  340880      File Time:  2016-05-18_232836
Version:
   Company:    Microsoft Corporation
   Product:    Microsoft® Windows® Operating System
   FileDesc:   Windows Cryptographic Primitives Library
   FileVer:    6.3.9600.18344
   ProdVer:    6.3.9600.18344

Module 52
C:\Windows\SYSTEM32\CRYPTBASE.dll
Image Base: 0x74d80000  Image Size: 0x0000a000
File Size:  30984       File Time:  2014-10-29_040516
Version:
   Company:    Microsoft Corporation
   Product:    Microsoft® Windows® Operating System
   FileDesc:   Base cryptographic API DLL
   FileVer:    6.3.9600.17415
   ProdVer:    6.3.9600.17415

Module 53
C:\Windows\SYSTEM32\USER32.dll
Image Base: 0x74da0000  Image Size: 0x00153000
File Size:  1376768     File Time:  2016-11-09_182506
Version:
   Company:    Microsoft Corporation
   Product:    System operacyjny Microsoft® Windows®
   FileDesc:   Wspó³u¿ytkowana biblioteka DLL klienta Windows USER API
   FileVer:    6.3.9600.18535
   ProdVer:    6.3.9600.18535

Module 54
C:\Windows\SYSTEM32\sechost.dll
Image Base: 0x74f00000  Image Size: 0x00041000
File Size:  257216      File Time:  2015-03-23_224506
Version:
   Company:    Microsoft Corporation
   Product:    Microsoft® Windows® Operating System
   FileDesc:   Host for SCM/SDDL/LSA Lookup APIs
   FileVer:    6.3.9600.17734
   ProdVer:    6.3.9600.17734

Module 55
C:\Windows\SYSTEM32\SHLWAPI.dll
Image Base: 0x75000000  Image Size: 0x00045000
File Size:  278352      File Time:  2014-10-29_041056
Version:
   Company:    Microsoft Corporation
   Product:    System operacyjny Microsoft® Windows®
   FileDesc:   Biblioteka dodatkowych narzêdzi pow³oki
   FileVer:    6.3.9600.17415
   ProdVer:    6.3.9600.17415

Module 56
C:\Windows\SYSTEM32\GDI32.dll
Image Base: 0x75060000  Image Size: 0x0010f000
File Size:  1097728     File Time:  2016-10-27_152812
Version:
   Company:    Microsoft Corporation
   Product:    Microsoft® Windows® Operating System
   FileDesc:   GDI Client DLL
   FileVer:    6.3.9600.18525
   ProdVer:    6.3.9600.18525

Module 57
C:\Windows\SYSTEM32\IMM32.dll
Image Base: 0x75170000  Image Size: 0x00027000
File Size:  141312      File Time:  2014-10-29_025950
Version:
   Company:    Microsoft Corporation
   Product:    Microsoft® Windows® Operating System
   FileDesc:   Multi-User Windows IMM32 API Client DLL
   FileVer:    6.3.9600.17415
   ProdVer:    6.3.9600.17415

Module 58
C:\Windows\SYSTEM32\MSCTF.dll
Image Base: 0x751a0000  Image Size: 0x00112000
File Size:  1124376     File Time:  2016-10-13_200636
Version:
   Company:    Microsoft Corporation
   Product:    System operacyjny Microsoft® Windows®
   FileDesc:   Biblioteka DLL serwera MSCTF
   FileVer:    6.3.9600.18514
   ProdVer:    6.3.9600.18514

Module 59
C:\Windows\SYSTEM32\KERNEL32.DLL
Image Base: 0x752e0000  Image Size: 0x00140000
File Size:  1040384     File Time:  2014-10-29_025824
Version:
   Company:    Microsoft Corporation
   Product:    System operacyjny Microsoft® Windows®
   FileDesc:   Biblioteka DLL klienta Windows NT BASE API
   FileVer:    6.3.9600.17415
   ProdVer:    6.3.9600.17415

Module 60
C:\Windows\SYSTEM32\OLEAUT32.dll
Image Base: 0x75420000  Image Size: 0x00097000
File Size:  611576      File Time:  2016-08-09_234718
Version:
   Company:    Microsoft Corporation
   Product:    
   FileDesc:   
   FileVer:    6.3.9600.18434
   ProdVer:    6.3.9600.18434

Module 61
C:\Windows\SYSTEM32\SETUPAPI.dll
Image Base: 0x754c0000  Image Size: 0x001b1000
File Size:  1782912     File Time:  2014-10-29_041848
Version:
   Company:    Microsoft Corporation
   Product:    System operacyjny Microsoft® Windows®
   FileDesc:   Interfejs API Instalatora systemu Windows
   FileVer:    6.3.9600.17415
   ProdVer:    6.3.9600.17415

Module 62
C:\Windows\SYSTEM32\combase.dll
Image Base: 0x75680000  Image Size: 0x0017d000
File Size:  1564496     File Time:  2016-01-19_192400
Version:
   Company:    Microsoft Corporation
   Product:    System operacyjny Microsoft® Windows®
   FileDesc:   Microsoft COM for Windows
   FileVer:    6.3.9600.18202
   ProdVer:    6.3.9600.18202

Module 63
C:\Windows\SYSTEM32\WS2_32.dll
Image Base: 0x75a20000  Image Size: 0x0004f000
File Size:  320720      File Time:  2016-05-14_210128
Version:
   Company:    Microsoft Corporation
   Product:    System operacyjny Microsoft® Windows®
   FileDesc:   Biblioteka DLL 32-bitowej wersji us³ugi Windows Socket 2.0
   FileVer:    6.3.9600.18340
   ProdVer:    6.3.9600.18340

Module 64
C:\Windows\SYSTEM32\ADVAPI32.dll
Image Base: 0x75a70000  Image Size: 0x0007c000
File Size:  507176      File Time:  2015-12-08_200750
Version:
   Company:    Microsoft Corporation
   Product:    System operacyjny Microsoft® Windows®
   FileDesc:   Advanced Windows 32 Base API
   FileVer:    6.3.9600.18155
   ProdVer:    6.3.9600.18155

Module 65
C:\Windows\SYSTEM32\ole32.dll
Image Base: 0x75af0000  Image Size: 0x00129000
File Size:  1212248     File Time:  2016-10-08_023432
Version:
   Company:    Microsoft Corporation
   Product:    System operacyjny Microsoft® Windows®
   FileDesc:   Microsoft OLE for Windows
   FileVer:    6.3.9600.18508
   ProdVer:    6.3.9600.18508

Module 66
C:\Windows\SYSTEM32\PSAPI.DLL
Image Base: 0x75c20000  Image Size: 0x00006000
File Size:  16504       File Time:  2014-10-29_041844
Version:
   Company:    Microsoft Corporation
   Product:    Microsoft® Windows® Operating System
   FileDesc:   Process Status Helper
   FileVer:    6.3.9600.17415
   ProdVer:    6.3.9600.17415

Module 67
C:\Windows\SYSTEM32\KERNELBASE.dll
Image Base: 0x75e00000  Image Size: 0x000d7000
File Size:  862720      File Time:  2016-05-13_232434
Version:
   Company:    Microsoft Corporation
   Product:    System operacyjny Microsoft® Windows®
   FileDesc:   Biblioteka DLL klienta Windows NT BASE API
   FileVer:    6.3.9600.18340
   ProdVer:    6.3.9600.18340

Module 68
C:\Windows\SYSTEM32\clbcatq.dll
Image Base: 0x75ee0000  Image Size: 0x0008d000
File Size:  569128      File Time:  2014-10-29_041002
Version:
   Company:    Microsoft Corporation
   Product:    Microsoft® Windows® Operating System
   FileDesc:   COM+ Configuration Catalog
   FileVer:    2001.12.10530.17415
   ProdVer:    6.3.9600.17415

Module 69
C:\Windows\SYSTEM32\NSI.dll
Image Base: 0x75f70000  Image Size: 0x00007000
File Size:  20120       File Time:  2014-10-29_040516
Version:
   Company:    Microsoft Corporation
   Product:    Microsoft® Windows® Operating System
   FileDesc:   NSI User-mode interface DLL
   FileVer:    6.3.9600.17415
   ProdVer:    6.3.9600.17415

Module 70
C:\Windows\SYSTEM32\msvcrt.dll
Image Base: 0x75f80000  Image Size: 0x000c3000
File Size:  800008      File Time:  2014-10-29_040630
Version:
   Company:    Microsoft Corporation
   Product:    Microsoft® Windows® Operating System
   FileDesc:   Windows NT CRT DLL
   FileVer:    7.0.9600.17415
   ProdVer:    6.1.8638.17415

Module 71
C:\Windows\SYSTEM32\cfgmgr32.dll
Image Base: 0x76050000  Image Size: 0x0003c000
File Size:  241168      File Time:  2014-10-29_041848
Version:
   Company:    Microsoft Corporation
   Product:    Microsoft® Windows® Operating System
   FileDesc:   Configuration Manager DLL
   FileVer:    6.3.9600.17415
   ProdVer:    6.3.9600.17415

Module 72
C:\Windows\SYSTEM32\RPCRT4.dll
Image Base: 0x76130000  Image Size: 0x000ba000
File Size:  747520      File Time:  2016-03-31_044026
Version:
   Company:    Microsoft Corporation
   Product:    System operacyjny Microsoft® Windows®
   FileDesc:   Czas wykonania zdalnego wywo³ywania procedury
   FileVer:    6.3.9600.18292
   ProdVer:    6.3.9600.18292

Module 73
C:\Windows\SYSTEM32\SspiCli.dll
Image Base: 0x761f0000  Image Size: 0x0001e000
File Size:  104960      File Time:  2016-08-20_235520
Version:
   Company:    Microsoft Corporation
   Product:    Microsoft® Windows® Operating System
   FileDesc:   Security Support Provider Interface
   FileVer:    6.3.9600.18454
   ProdVer:    6.3.9600.18454

Module 74
C:\Windows\SYSTEM32\SHELL32.dll
Image Base: 0x76210000  Image Size: 0x012bb000
File Size:  19789232    File Time:  2016-08-27_192608
Version:
   Company:    Microsoft Corporation
   Product:    System operacyjny Microsoft® Windows®
   FileDesc:   Wspólna biblioteka DLL Pow³oki systemu Windows
   FileVer:    6.3.9600.18460
   ProdVer:    6.3.9600.18460

Module 75
C:\Windows\SYSTEM32\ntdll.dll
Image Base: 0x775a0000  Image Size: 0x0016f000
File Size:  1501488     File Time:  2016-02-11_211640
Version:
   Company:    Microsoft Corporation
   Product:    System operacyjny Microsoft® Windows®
   FileDesc:   Biblioteka NT Layer DLL
   FileVer:    6.3.9600.18233
   ProdVer:    6.3.9600.18233


== [end of error.log] ==
